Flow report for decod_3x8_when_else
Wed Jul 28 23:19:46 2021
Quartus Prime Version 20.1.1 Build 720 11/11/2020 SJ Lite Edition


---------------------
; Table of Contents ;
---------------------
  1. Legal Notice
  2. Flow Summary
  3. Flow Settings
  4. Flow Non-Default Global Settings
  5. Flow Elapsed Time
  6. Flow OS Summary
  7. Flow Log
  8. Flow Messages
  9. Flow Suppressed Messages



----------------
; Legal Notice ;
----------------
Copyright (C) 2020  Intel Corporation. All rights reserved.
Your use of Intel Corporation's design tools, logic functions 
and other software and tools, and any partner logic 
functions, and any output files from any of the foregoing 
(including device programming or simulation files), and any 
associated documentation or information are expressly subject 
to the terms and conditions of the Intel Program License 
Subscription Agreement, the Intel Quartus Prime License Agreement,
the Intel FPGA IP License Agreement, or other applicable license
agreement, including, without limitation, that your use is for
the sole purpose of programming logic devices manufactured by
Intel and sold by Intel or its authorized distributors.  Please
refer to the applicable agreement for further details, at
https://fpgasoftware.intel.com/eula.



+----------------------------------------------------------------------------------+
; Flow Summary                                                                     ;
+------------------------------------+---------------------------------------------+
; Flow Status                        ; Successful - Wed Jul 28 23:19:42 2021       ;
; Quartus Prime Version              ; 20.1.1 Build 720 11/11/2020 SJ Lite Edition ;
; Revision Name                      ; decod_3x8_when_else                         ;
; Top-level Entity Name              ; decod_3x8_when_else                         ;
; Family                             ; Cyclone IV E                                ;
; Device                             ; EP4CE6E22A7                                 ;
; Timing Models                      ; Final                                       ;
; Total logic elements               ; 8 / 6,272 ( < 1 % )                         ;
;     Total combinational functions  ; 8 / 6,272 ( < 1 % )                         ;
;     Dedicated logic registers      ; 0 / 6,272 ( 0 % )                           ;
; Total registers                    ; 0                                           ;
; Total pins                         ; 11 / 92 ( 12 % )                            ;
; Total virtual pins                 ; 0                                           ;
; Total memory bits                  ; 0 / 276,480 ( 0 % )                         ;
; Embedded Multiplier 9-bit elements ; 0 / 30 ( 0 % )                              ;
; Total PLLs                         ; 0 / 2 ( 0 % )                               ;
+------------------------------------+---------------------------------------------+


+-----------------------------------------+
; Flow Settings                           ;
+-------------------+---------------------+
; Option            ; Setting             ;
+-------------------+---------------------+
; Start date & time ; 07/28/2021 23:19:17 ;
; Main task         ; Compilation         ;
; Revision Name     ; decod_3x8_when_else ;
+-------------------+---------------------+


+-------------------------------------------------------------------------------------------------------------------------+
; Flow Non-Default Global Settings                                                                                        ;
+-------------------------------------+----------------------------------------+---------------+-------------+------------+
; Assignment Name                     ; Value                                  ; Default Value ; Entity Name ; Section Id ;
+-------------------------------------+----------------------------------------+---------------+-------------+------------+
; COMPILER_SIGNATURE_ID               ; 88750185398043.162752515709140         ; --            ; --          ; --         ;
; MAX_CORE_JUNCTION_TEMP              ; 125                                    ; --            ; --          ; --         ;
; MIN_CORE_JUNCTION_TEMP              ; -40                                    ; --            ; --          ; --         ;
; NOMINAL_CORE_SUPPLY_VOLTAGE         ; 1.2V                                   ; --            ; --          ; --         ;
; PARTITION_COLOR                     ; -- (Not supported for targeted family) ; --            ; --          ; Top        ;
; PARTITION_FITTER_PRESERVATION_LEVEL ; -- (Not supported for targeted family) ; --            ; --          ; Top        ;
; PARTITION_NETLIST_TYPE              ; -- (Not supported for targeted family) ; --            ; --          ; Top        ;
; PROJECT_OUTPUT_DIRECTORY            ; output_files                           ; --            ; --          ; --         ;
+-------------------------------------+----------------------------------------+---------------+-------------+------------+


+--------------------------------------------------------------------------------------------------------------------------+
; Flow Elapsed Time                                                                                                        ;
+----------------------+--------------+-------------------------+---------------------+------------------------------------+
; Module Name          ; Elapsed Time ; Average Processors Used ; Peak Virtual Memory ; Total CPU Time (on all processors) ;
+----------------------+--------------+-------------------------+---------------------+------------------------------------+
; Analysis & Synthesis ; 00:00:16     ; 1.0                     ; 4775 MB             ; 00:00:35                           ;
; Fitter               ; 00:00:04     ; 1.0                     ; 5218 MB             ; 00:00:05                           ;
; Assembler            ; 00:00:01     ; 1.0                     ; 4678 MB             ; 00:00:01                           ;
; Timing Analyzer      ; 00:00:02     ; 1.0                     ; 4726 MB             ; 00:00:02                           ;
; Total                ; 00:00:23     ; --                      ; --                  ; 00:00:43                           ;
+----------------------+--------------+-------------------------+---------------------+------------------------------------+


+------------------------------------------------------------------------------------+
; Flow OS Summary                                                                    ;
+----------------------+------------------+------------+------------+----------------+
; Module Name          ; Machine Hostname ; OS Name    ; OS Version ; Processor type ;
+----------------------+------------------+------------+------------+----------------+
; Analysis & Synthesis ; DESKTOP-FV7AOU9  ; Windows 10 ; 10.0       ; x86_64         ;
; Fitter               ; DESKTOP-FV7AOU9  ; Windows 10 ; 10.0       ; x86_64         ;
; Assembler            ; DESKTOP-FV7AOU9  ; Windows 10 ; 10.0       ; x86_64         ;
; Timing Analyzer      ; DESKTOP-FV7AOU9  ; Windows 10 ; 10.0       ; x86_64         ;
+----------------------+------------------+------------+------------+----------------+


------------
; Flow Log ;
------------
quartus_map --read_settings_files=on --write_settings_files=off decod_3x8_when_else -c decod_3x8_when_else
quartus_fit --read_settings_files=off --write_settings_files=off decod_3x8_when_else -c decod_3x8_when_else
quartus_asm --read_settings_files=off --write_settings_files=off decod_3x8_when_else -c decod_3x8_when_else
quartus_sta decod_3x8_when_else -c decod_3x8_when_else



