Assembler report for decod_3x8_process_if
Wed Jul 28 23:40:04 2021
Quartus Prime Version 20.1.1 Build 720 11/11/2020 SJ Lite Edition


---------------------
; Table of Contents ;
---------------------
  1. Legal Notice
  2. Assembler Summary
  3. Assembler Settings
  4. Assembler Generated Files
  5. Assembler Device Options: E:/Users/Roniere Resende/Documents/Meus Documentos/Estudo de Tecnologias/Postgraduate Studies/Embedded Electronic/Class/4 - FPGA/Exercises - Roniere/Class 1/Ex_2_C/output_files/decod_3x8_process_if.sof
  6. Assembler Messages



----------------
; Legal Notice ;
----------------
Copyright (C) 2020  Intel Corporation. All rights reserved.
Your use of Intel Corporation's design tools, logic functions 
and other software and tools, and any partner logic 
functions, and any output files from any of the foregoing 
(including device programming or simulation files), and any 
associated documentation or information are expressly subject 
to the terms and conditions of the Intel Program License 
Subscription Agreement, the Intel Quartus Prime License Agreement,
the Intel FPGA IP License Agreement, or other applicable license
agreement, including, without limitation, that your use is for
the sole purpose of programming logic devices manufactured by
Intel and sold by Intel or its authorized distributors.  Please
refer to the applicable agreement for further details, at
https://fpgasoftware.intel.com/eula.



+---------------------------------------------------------------+
; Assembler Summary                                             ;
+-----------------------+---------------------------------------+
; Assembler Status      ; Successful - Wed Jul 28 23:40:04 2021 ;
; Revision Name         ; decod_3x8_process_if                  ;
; Top-level Entity Name ; decod_3x8_process_if                  ;
; Family                ; Cyclone IV E                          ;
; Device                ; EP4CE6E22C8                           ;
+-----------------------+---------------------------------------+


+----------------------------------+
; Assembler Settings               ;
+--------+---------+---------------+
; Option ; Setting ; Default Value ;
+--------+---------+---------------+


+-----------------------------------------------------------------------------------------------------------------------------------------------------------------------------------------------------------+
; Assembler Generated Files                                                                                                                                                                                 ;
+-----------------------------------------------------------------------------------------------------------------------------------------------------------------------------------------------------------+
; File Name                                                                                                                                                                                                 ;
+-----------------------------------------------------------------------------------------------------------------------------------------------------------------------------------------------------------+
; E:/Users/Roniere Resende/Documents/Meus Documentos/Estudo de Tecnologias/Postgraduate Studies/Embedded Electronic/Class/4 - FPGA/Exercises - Roniere/Class 1/Ex_2_C/output_files/decod_3x8_process_if.sof ;
+-----------------------------------------------------------------------------------------------------------------------------------------------------------------------------------------------------------+


+-------------------------------------------------------------------------------------------------------------------------------------------------------------------------------------------------------------------------------------+
; Assembler Device Options: E:/Users/Roniere Resende/Documents/Meus Documentos/Estudo de Tecnologias/Postgraduate Studies/Embedded Electronic/Class/4 - FPGA/Exercises - Roniere/Class 1/Ex_2_C/output_files/decod_3x8_process_if.sof ;
+----------------+--------------------------------------------------------------------------------------------------------------------------------------------------------------------------------------------------------------------+
; Option         ; Setting                                                                                                                                                                                                            ;
+----------------+--------------------------------------------------------------------------------------------------------------------------------------------------------------------------------------------------------------------+
; JTAG usercode  ; 0x00094583                                                                                                                                                                                                         ;
; Checksum       ; 0x00094583                                                                                                                                                                                                         ;
+----------------+--------------------------------------------------------------------------------------------------------------------------------------------------------------------------------------------------------------------+


+--------------------+
; Assembler Messages ;
+--------------------+
Info: *******************************************************************
Info: Running Quartus Prime Assembler
    Info: Version 20.1.1 Build 720 11/11/2020 SJ Lite Edition
    Info: Processing started: Wed Jul 28 23:40:02 2021
Info: Command: quartus_asm --read_settings_files=off --write_settings_files=off decod_3x8_process_if -c decod_3x8_process_if
Warning (18236): Number of processors has not been specified which may cause overloading on shared machines.  Set the global assignment NUM_PARALLEL_PROCESSORS in your QSF to an appropriate value for best performance.
Info (115031): Writing out detailed assembly data for power analysis
Info (115030): Assembler is generating device programming files
Info: Quartus Prime Assembler was successful. 0 errors, 1 warning
    Info: Peak virtual memory: 4679 megabytes
    Info: Processing ended: Wed Jul 28 23:40:04 2021
    Info: Elapsed time: 00:00:02
    Info: Total CPU time (on all processors): 00:00:01


